Flow report for UART
Fri Jan 11 08:52:38 2019
Quartus II 32-bit Version 11.1 Build 173 11/01/2011 SJ Web Edition


---------------------
; Table of Contents ;
---------------------
  1. Legal Notice
  2. Flow Summary
  3. Flow Settings
  4. Flow Non-Default Global Settings
  5. Flow Elapsed Time
  6. Flow OS Summary
  7. Flow Log



----------------
; Legal Notice ;
----------------
Copyright (C) 1991-2011 Altera Corporation
Your use of Altera Corporation's design tools, logic functions 
and other software and tools, and its AMPP partner logic 
functions, and any output files from any of the foregoing 
(including device programming or simulation files), and any 
associated documentation or information are expressly subject 
to the terms and conditions of the Altera Program License 
Subscription Agreement, Altera MegaCore Function License 
Agreement, or other applicable license agreement, including, 
without limitation, that your use is for the sole purpose of 
programming logic devices manufactured by Altera and sold by 
Altera or its authorized distributors.  Please refer to the 
applicable agreement for further details.



+-------------------------------------------------------------------------------+
; Flow Summary                                                                  ;
+------------------------------------+------------------------------------------+
; Flow Status                        ; Successful - Fri Jan 11 08:52:38 2019    ;
; Quartus II 32-bit Version          ; 11.1 Build 173 11/01/2011 SJ Web Edition ;
; Revision Name                      ; UART                                     ;
; Top-level Entity Name              ; UART                                     ;
; Family                             ; Cyclone II                               ;
; Device                             ; EP2C35F672C6                             ;
; Timing Models                      ; Final                                    ;
; Total logic elements               ; 104 / 33,216 ( < 1 % )                   ;
;     Total combinational functions  ; 81 / 33,216 ( < 1 % )                    ;
;     Dedicated logic registers      ; 78 / 33,216 ( < 1 % )                    ;
; Total registers                    ; 78                                       ;
; Total pins                         ; 27 / 475 ( 6 % )                         ;
; Total virtual pins                 ; 0                                        ;
; Total memory bits                  ; 0 / 483,840 ( 0 % )                      ;
; Embedded Multiplier 9-bit elements ; 0 / 70 ( 0 % )                           ;
; Total PLLs                         ; 1 / 4 ( 25 % )                           ;
+------------------------------------+------------------------------------------+


+-----------------------------------------+
; Flow Settings                           ;
+-------------------+---------------------+
; Option            ; Setting             ;
+-------------------+---------------------+
; Start date & time ; 01/11/2019 08:52:23 ;
; Main task         ; Compilation         ;
; Revision Name     ; UART                ;
+-------------------+---------------------+


+----------------------------------------------------------------------------------------------------------------------------------+
; Flow Non-Default Global Settings                                                                                                 ;
+-------------------------------------+-------------------------------------------------+---------------+-------------+------------+
; Assignment Name                     ; Value                                           ; Default Value ; Entity Name ; Section Id ;
+-------------------------------------+-------------------------------------------------+---------------+-------------+------------+
; COMPILER_SIGNATURE_ID               ; 193989698646168.154719314305684                 ; --            ; --          ; --         ;
; IP_TOOL_NAME                        ; ALTPLL                                          ; --            ; --          ; --         ;
; IP_TOOL_VERSION                     ; 11.1                                            ; --            ; --          ; --         ;
; MAX_CORE_JUNCTION_TEMP              ; 85                                              ; --            ; --          ; --         ;
; MIN_CORE_JUNCTION_TEMP              ; 0                                               ; --            ; --          ; --         ;
; MISC_FILE                           ; altpll0.bsf                                     ; --            ; --          ; --         ;
; MISC_FILE                           ; altpll0.cmp                                     ; --            ; --          ; --         ;
; MISC_FILE                           ; altpll0.ppf                                     ; --            ; --          ; --         ;
; PARTITION_COLOR                     ; 16764057                                        ; --            ; --          ; Top        ;
; PARTITION_FITTER_PRESERVATION_LEVEL ; PLACEMENT_AND_ROUTING                           ; --            ; --          ; Top        ;
; PARTITION_NETLIST_TYPE              ; SOURCE                                          ; --            ; --          ; Top        ;
; POWER_BOARD_THERMAL_MODEL           ; None (CONSERVATIVE)                             ; --            ; --          ; --         ;
; POWER_PRESET_COOLING_SOLUTION       ; 23 MM HEAT SINK WITH 200 LFPM AIRFLOW           ; --            ; --          ; --         ;
; SEARCH_PATH                         ; c:/users/valer/desktop/progetto_uart/quartus/tx ; --            ; --          ; --         ;
; SEARCH_PATH                         ; c:/users/valer/desktop/progetto_uart/quartus/rx ; --            ; --          ; --         ;
+-------------------------------------+-------------------------------------------------+---------------+-------------+------------+


+-------------------------------------------------------------------------------------------------------------------------------+
; Flow Elapsed Time                                                                                                             ;
+---------------------------+--------------+-------------------------+---------------------+------------------------------------+
; Module Name               ; Elapsed Time ; Average Processors Used ; Peak Virtual Memory ; Total CPU Time (on all processors) ;
+---------------------------+--------------+-------------------------+---------------------+------------------------------------+
; Analysis & Synthesis      ; 00:00:05     ; 1.0                     ; 373 MB              ; 00:00:04                           ;
; Fitter                    ; 00:00:06     ; 1.0                     ; 452 MB              ; 00:00:05                           ;
; TimeQuest Timing Analyzer ; 00:00:02     ; 1.0                     ; 333 MB              ; 00:00:02                           ;
; Assembler                 ; 00:00:03     ; 1.0                     ; 374 MB              ; 00:00:03                           ;
; Total                     ; 00:00:16     ; --                      ; --                  ; 00:00:14                           ;
+---------------------------+--------------+-------------------------+---------------------+------------------------------------+


+----------------------------------------------------------------------------------------+
; Flow OS Summary                                                                        ;
+---------------------------+------------------+-----------+------------+----------------+
; Module Name               ; Machine Hostname ; OS Name   ; OS Version ; Processor type ;
+---------------------------+------------------+-----------+------------+----------------+
; Analysis & Synthesis      ; DESKTOP-OTM70VD  ; Windows 7 ; 6.2        ; x86_64         ;
; Fitter                    ; DESKTOP-OTM70VD  ; Windows 7 ; 6.2        ; x86_64         ;
; TimeQuest Timing Analyzer ; DESKTOP-OTM70VD  ; Windows 7 ; 6.2        ; x86_64         ;
; Assembler                 ; DESKTOP-OTM70VD  ; Windows 7 ; 6.2        ; x86_64         ;
+---------------------------+------------------+-----------+------------+----------------+


------------
; Flow Log ;
------------
quartus_map --read_settings_files=on --write_settings_files=off UART -c UART
quartus_fit --read_settings_files=off --write_settings_files=off UART -c UART
quartus_sta UART -c UART
quartus_asm --read_settings_files=off --write_settings_files=off UART -c UART



