Analysis & Synthesis report for RX
Sun Dec 09 18:39:58 2018
Quartus II 32-bit Version 11.1 Build 259 01/25/2012 Service Pack 2 SJ Web Edition


---------------------
; Table of Contents ;
---------------------
  1. Legal Notice
  2. Analysis & Synthesis Summary
  3. Analysis & Synthesis Settings
  4. Parallel Compilation
  5. Analysis & Synthesis Source Files Read
  6. Analysis & Synthesis Resource Usage Summary
  7. Analysis & Synthesis Resource Utilization by Entity
  8. Analysis & Synthesis IP Cores Summary
  9. State Machine - |RX|FSM_RX:FSM_RX|present_state
 10. General Register Statistics
 11. Parameter Settings for User Entity Instance: lpm_counter_RX_MOD_32:CNT_RX_MOD_32|lpm_counter:LPM_COUNTER_component
 12. Parameter Settings for User Entity Instance: lpm_counter_RX_MOD_16:CNT_RX_MOD_16_EDGE|lpm_counter:LPM_COUNTER_component
 13. Parameter Settings for User Entity Instance: lpm_counter_RX_MOD_16:CNT_RX_MOD_16_BIT|lpm_counter:LPM_COUNTER_component
 14. Parameter Settings for User Entity Instance: lpm_shiftreg_RX_LEFT_EDGE:LEFT_SHIFT_RX_EDGE|lpm_shiftreg:LPM_SHIFTREG_component
 15. Parameter Settings for User Entity Instance: lpm_shiftreg_RX_RIGHT_9:inst2|lpm_shiftreg:LPM_SHIFTREG_component
 16. Parameter Settings for User Entity Instance: lpm_shiftreg_RX_RIGHT_8_BIT:RIGHT_SHIFT_RX_BIT|lpm_shiftreg:LPM_SHIFTREG_component
 17. lpm_shiftreg Parameter Settings by Entity Instance
 18. Elapsed Time Per Partition
 19. Analysis & Synthesis Messages



----------------
; Legal Notice ;
----------------
Copyright (C) 1991-2011 Altera Corporation
Your use of Altera Corporation's design tools, logic functions 
and other software and tools, and its AMPP partner logic 
functions, and any output files from any of the foregoing 
(including device programming or simulation files), and any 
associated documentation or information are expressly subject 
to the terms and conditions of the Altera Program License 
Subscription Agreement, Altera MegaCore Function License 
Agreement, or other applicable license agreement, including, 
without limitation, that your use is for the sole purpose of 
programming logic devices manufactured by Altera and sold by 
Altera or its authorized distributors.  Please refer to the 
applicable agreement for further details.



+------------------------------------------------------------------------------------+
; Analysis & Synthesis Summary                                                       ;
+------------------------------------+-----------------------------------------------+
; Analysis & Synthesis Status        ; Successful - Sun Dec 09 18:39:58 2018         ;
; Quartus II 32-bit Version          ; 11.1 Build 259 01/25/2012 SP 2 SJ Web Edition ;
; Revision Name                      ; RX                                            ;
; Top-level Entity Name              ; RX                                            ;
; Family                             ; Cyclone II                                    ;
; Total logic elements               ; 61                                            ;
;     Total combinational functions  ; 44                                            ;
;     Dedicated logic registers      ; 44                                            ;
; Total registers                    ; 44                                            ;
; Total pins                         ; 13                                            ;
; Total virtual pins                 ; 0                                             ;
; Total memory bits                  ; 0                                             ;
; Embedded Multiplier 9-bit elements ; 0                                             ;
; Total PLLs                         ; 0                                             ;
+------------------------------------+-----------------------------------------------+


+----------------------------------------------------------------------------------------------------------------------+
; Analysis & Synthesis Settings                                                                                        ;
+----------------------------------------------------------------------------+--------------------+--------------------+
; Option                                                                     ; Setting            ; Default Value      ;
+----------------------------------------------------------------------------+--------------------+--------------------+
; Device                                                                     ; EP2C35F672C6       ;                    ;
; Top-level entity name                                                      ; RX                 ; RX                 ;
; Family name                                                                ; Cyclone II         ; Cyclone IV GX      ;
; Use smart compilation                                                      ; Off                ; Off                ;
; Enable parallel Assembler and TimeQuest Timing Analyzer during compilation ; On                 ; On                 ;
; Enable compact report table                                                ; Off                ; Off                ;
; Restructure Multiplexers                                                   ; Auto               ; Auto               ;
; Create Debugging Nodes for IP Cores                                        ; Off                ; Off                ;
; Preserve fewer node names                                                  ; On                 ; On                 ;
; Disable OpenCore Plus hardware evaluation                                  ; Off                ; Off                ;
; Verilog Version                                                            ; Verilog_2001       ; Verilog_2001       ;
; VHDL Version                                                               ; VHDL_1993          ; VHDL_1993          ;
; State Machine Processing                                                   ; Auto               ; Auto               ;
; Safe State Machine                                                         ; Off                ; Off                ;
; Extract Verilog State Machines                                             ; On                 ; On                 ;
; Extract VHDL State Machines                                                ; On                 ; On                 ;
; Ignore Verilog initial constructs                                          ; Off                ; Off                ;
; Iteration limit for constant Verilog loops                                 ; 5000               ; 5000               ;
; Iteration limit for non-constant Verilog loops                             ; 250                ; 250                ;
; Add Pass-Through Logic to Inferred RAMs                                    ; On                 ; On                 ;
; Infer RAMs from Raw Logic                                                  ; On                 ; On                 ;
; Parallel Synthesis                                                         ; On                 ; On                 ;
; DSP Block Balancing                                                        ; Auto               ; Auto               ;
; NOT Gate Push-Back                                                         ; On                 ; On                 ;
; Power-Up Don't Care                                                        ; On                 ; On                 ;
; Remove Redundant Logic Cells                                               ; Off                ; Off                ;
; Remove Duplicate Registers                                                 ; On                 ; On                 ;
; Ignore CARRY Buffers                                                       ; Off                ; Off                ;
; Ignore CASCADE Buffers                                                     ; Off                ; Off                ;
; Ignore GLOBAL Buffers                                                      ; Off                ; Off                ;
; Ignore ROW GLOBAL Buffers                                                  ; Off                ; Off                ;
; Ignore LCELL Buffers                                                       ; Off                ; Off                ;
; Ignore SOFT Buffers                                                        ; On                 ; On                 ;
; Limit AHDL Integers to 32 Bits                                             ; Off                ; Off                ;
; Optimization Technique                                                     ; Balanced           ; Balanced           ;
; Carry Chain Length                                                         ; 70                 ; 70                 ;
; Auto Carry Chains                                                          ; On                 ; On                 ;
; Auto Open-Drain Pins                                                       ; On                 ; On                 ;
; Perform WYSIWYG Primitive Resynthesis                                      ; Off                ; Off                ;
; Auto ROM Replacement                                                       ; On                 ; On                 ;
; Auto RAM Replacement                                                       ; On                 ; On                 ;
; Auto Shift Register Replacement                                            ; Auto               ; Auto               ;
; Allow Shift Register Merging across Hierarchies                            ; Auto               ; Auto               ;
; Auto Clock Enable Replacement                                              ; On                 ; On                 ;
; Strict RAM Replacement                                                     ; Off                ; Off                ;
; Allow Synchronous Control Signals                                          ; On                 ; On                 ;
; Force Use of Synchronous Clear Signals                                     ; Off                ; Off                ;
; Auto RAM to Logic Cell Conversion                                          ; Off                ; Off                ;
; Auto Resource Sharing                                                      ; Off                ; Off                ;
; Allow Any RAM Size For Recognition                                         ; Off                ; Off                ;
; Allow Any ROM Size For Recognition                                         ; Off                ; Off                ;
; Allow Any Shift Register Size For Recognition                              ; Off                ; Off                ;
; Use LogicLock Constraints during Resource Balancing                        ; On                 ; On                 ;
; Ignore translate_off and synthesis_off directives                          ; Off                ; Off                ;
; Timing-Driven Synthesis                                                    ; Off                ; Off                ;
; Report Parameter Settings                                                  ; On                 ; On                 ;
; Report Source Assignments                                                  ; On                 ; On                 ;
; Report Connectivity Checks                                                 ; On                 ; On                 ;
; Ignore Maximum Fan-Out Assignments                                         ; Off                ; Off                ;
; Synchronization Register Chain Length                                      ; 2                  ; 2                  ;
; PowerPlay Power Optimization                                               ; Normal compilation ; Normal compilation ;
; HDL message level                                                          ; Level2             ; Level2             ;
; Suppress Register Optimization Related Messages                            ; Off                ; Off                ;
; Number of Removed Registers Reported in Synthesis Report                   ; 5000               ; 5000               ;
; Number of Inverted Registers Reported in Synthesis Report                  ; 100                ; 100                ;
; Clock MUX Protection                                                       ; On                 ; On                 ;
; Auto Gated Clock Conversion                                                ; Off                ; Off                ;
; Block Design Naming                                                        ; Auto               ; Auto               ;
; SDC constraint protection                                                  ; Off                ; Off                ;
; Synthesis Effort                                                           ; Auto               ; Auto               ;
; Shift Register Replacement - Allow Asynchronous Clear Signal               ; On                 ; On                 ;
; Analysis & Synthesis Message Level                                         ; Medium             ; Medium             ;
; Disable Register Merging Across Hierarchies                                ; Auto               ; Auto               ;
; Resource Aware Inference For Block RAM                                     ; On                 ; On                 ;
; Synthesis Seed                                                             ; 1                  ; 1                  ;
+----------------------------------------------------------------------------+--------------------+--------------------+


Parallel compilation was disabled, but you have multiple processors available. Enable parallel compilation to reduce compilation time.
+-------------------------------------+
; Parallel Compilation                ;
+----------------------------+--------+
; Processors                 ; Number ;
+----------------------------+--------+
; Number detected on machine ; 4      ;
; Maximum allowed            ; 1      ;
+----------------------------+--------+


+-----------------------------------------------------------------------------------------------------------------------------------------------------------------------+
; Analysis & Synthesis Source Files Read                                                                                                                                ;
+----------------------------------+-----------------+------------------------------------+-----------------------------------------------------------------------------+
; File Name with User-Entered Path ; Used in Netlist ; File Type                          ; File Name with Absolute Path                                                ;
+----------------------------------+-----------------+------------------------------------+-----------------------------------------------------------------------------+
; RX.bdf                           ; yes             ; User Block Diagram/Schematic File  ; D:/PoliTo/SDI/Lab2/PROGETTO_UART/quartus/RX/RX.bdf                          ;
; FSM_RX.vhd                       ; yes             ; User VHDL File                     ; D:/PoliTo/SDI/Lab2/PROGETTO_UART/quartus/RX/FSM_RX.vhd                      ;
; lpm_counter_RX_MOD_32.vhd        ; yes             ; User Wizard-Generated File         ; D:/PoliTo/SDI/Lab2/PROGETTO_UART/quartus/RX/lpm_counter_RX_MOD_32.vhd       ;
; lpm_counter_RX_MOD_16.vhd        ; yes             ; User Wizard-Generated File         ; D:/PoliTo/SDI/Lab2/PROGETTO_UART/quartus/RX/lpm_counter_RX_MOD_16.vhd       ;
; lpm_shiftreg_RX_LEFT_EDGE.vhd    ; yes             ; User Wizard-Generated File         ; D:/PoliTo/SDI/Lab2/PROGETTO_UART/quartus/RX/lpm_shiftreg_RX_LEFT_EDGE.vhd   ;
; lpm_shiftreg_RX_RIGHT_8_BIT.vhd  ; yes             ; User Wizard-Generated File         ; D:/PoliTo/SDI/Lab2/PROGETTO_UART/quartus/RX/lpm_shiftreg_RX_RIGHT_8_BIT.vhd ;
; AND_NUM_BIT.vhd                  ; yes             ; User VHDL File                     ; D:/PoliTo/SDI/Lab2/PROGETTO_UART/quartus/RX/AND_NUM_BIT.vhd                 ;
; lpm_shiftreg_RX_RIGHT_9.vhd      ; yes             ; User Wizard-Generated File         ; D:/PoliTo/SDI/Lab2/PROGETTO_UART/quartus/RX/lpm_shiftreg_RX_RIGHT_9.vhd     ;
; and_clk_div.vhd                  ; yes             ; Auto-Found VHDL File               ; D:/PoliTo/SDI/Lab2/PROGETTO_UART/quartus/RX/and_clk_div.vhd                 ;
; lpm_counter.tdf                  ; yes             ; Megafunction                       ; c:/altera/11.1sp2/quartus/libraries/megafunctions/lpm_counter.tdf           ;
; lpm_constant.inc                 ; yes             ; Megafunction                       ; c:/altera/11.1sp2/quartus/libraries/megafunctions/lpm_constant.inc          ;
; lpm_decode.inc                   ; yes             ; Megafunction                       ; c:/altera/11.1sp2/quartus/libraries/megafunctions/lpm_decode.inc            ;
; lpm_add_sub.inc                  ; yes             ; Megafunction                       ; c:/altera/11.1sp2/quartus/libraries/megafunctions/lpm_add_sub.inc           ;
; cmpconst.inc                     ; yes             ; Megafunction                       ; c:/altera/11.1sp2/quartus/libraries/megafunctions/cmpconst.inc              ;
; lpm_compare.inc                  ; yes             ; Megafunction                       ; c:/altera/11.1sp2/quartus/libraries/megafunctions/lpm_compare.inc           ;
; lpm_counter.inc                  ; yes             ; Megafunction                       ; c:/altera/11.1sp2/quartus/libraries/megafunctions/lpm_counter.inc           ;
; dffeea.inc                       ; yes             ; Megafunction                       ; c:/altera/11.1sp2/quartus/libraries/megafunctions/dffeea.inc                ;
; alt_counter_stratix.inc          ; yes             ; Megafunction                       ; c:/altera/11.1sp2/quartus/libraries/megafunctions/alt_counter_stratix.inc   ;
; aglobal111.inc                   ; yes             ; Megafunction                       ; c:/altera/11.1sp2/quartus/libraries/megafunctions/aglobal111.inc            ;
; db/cntr_4oi.tdf                  ; yes             ; Auto-Generated Megafunction        ; D:/PoliTo/SDI/Lab2/PROGETTO_UART/quartus/RX/db/cntr_4oi.tdf                 ;
; and_decisore.vhd                 ; yes             ; Auto-Found VHDL File               ; D:/PoliTo/SDI/Lab2/PROGETTO_UART/quartus/RX/and_decisore.vhd                ;
; db/cntr_3oi.tdf                  ; yes             ; Auto-Generated Megafunction        ; D:/PoliTo/SDI/Lab2/PROGETTO_UART/quartus/RX/db/cntr_3oi.tdf                 ;
; and_edge_detector.vhd            ; yes             ; Auto-Found VHDL File               ; D:/PoliTo/SDI/Lab2/PROGETTO_UART/quartus/RX/and_edge_detector.vhd           ;
; lpm_shiftreg.tdf                 ; yes             ; Megafunction                       ; c:/altera/11.1sp2/quartus/libraries/megafunctions/lpm_shiftreg.tdf          ;
; decisore.vhd                     ; yes             ; Auto-Found VHDL File               ; D:/PoliTo/SDI/Lab2/PROGETTO_UART/quartus/RX/decisore.vhd                    ;
+----------------------------------+-----------------+------------------------------------+-----------------------------------------------------------------------------+


+-----------------------------------------------------+
; Analysis & Synthesis Resource Usage Summary         ;
+---------------------------------------------+-------+
; Resource                                    ; Usage ;
+---------------------------------------------+-------+
; Estimated Total logic elements              ; 61    ;
;                                             ;       ;
; Total combinational functions               ; 44    ;
; Logic element usage by number of LUT inputs ;       ;
;     -- 4 input functions                    ; 10    ;
;     -- 3 input functions                    ; 13    ;
;     -- <=2 input functions                  ; 21    ;
;                                             ;       ;
; Logic elements by mode                      ;       ;
;     -- normal mode                          ; 34    ;
;     -- arithmetic mode                      ; 10    ;
;                                             ;       ;
; Total registers                             ; 44    ;
;     -- Dedicated logic registers            ; 44    ;
;     -- I/O registers                        ; 0     ;
;                                             ;       ;
; I/O pins                                    ; 13    ;
; Maximum fan-out node                        ; CK    ;
; Maximum fan-out                             ; 44    ;
; Total fan-out                               ; 284   ;
; Average fan-out                             ; 2.81  ;
+---------------------------------------------+-------+


+-----------------------------------------------------------------------------------------------------------------------------------------------------------------------------------------------------------------------------------------------------------------------------------------+
; Analysis & Synthesis Resource Utilization by Entity                                                                                                                                                                                                                                     ;
+-----------------------------------------------------+-------------------+--------------+-------------+--------------+---------+-----------+------+--------------+--------------------------------------------------------------------------------------------------------+--------------+
; Compilation Hierarchy Node                          ; LC Combinationals ; LC Registers ; Memory Bits ; DSP Elements ; DSP 9x9 ; DSP 18x18 ; Pins ; Virtual Pins ; Full Hierarchy Name                                                                                    ; Library Name ;
+-----------------------------------------------------+-------------------+--------------+-------------+--------------+---------+-----------+------+--------------+--------------------------------------------------------------------------------------------------------+--------------+
; |RX                                                 ; 44 (4)            ; 44 (0)       ; 0           ; 0            ; 0       ; 0         ; 13   ; 0            ; |RX                                                                                                    ;              ;
;    |AND_Decisore:TC_CNT_MOD_8_EDGE|                 ; 1 (1)             ; 0 (0)        ; 0           ; 0            ; 0       ; 0         ; 0    ; 0            ; |RX|AND_Decisore:TC_CNT_MOD_8_EDGE                                                                     ;              ;
;    |AND_Edge_Detector:AND_Edge_Detector|            ; 3 (3)             ; 0 (0)        ; 0           ; 0            ; 0       ; 0         ; 0    ; 0            ; |RX|AND_Edge_Detector:AND_Edge_Detector                                                                ;              ;
;    |AND_NUM_BIT:TC_CNT_9_BIT|                       ; 1 (1)             ; 0 (0)        ; 0           ; 0            ; 0       ; 0         ; 0    ; 0            ; |RX|AND_NUM_BIT:TC_CNT_9_BIT                                                                           ;              ;
;    |AND_clk_div:TC_CNT_MOD_27|                      ; 1 (1)             ; 0 (0)        ; 0           ; 0            ; 0       ; 0         ; 0    ; 0            ; |RX|AND_clk_div:TC_CNT_MOD_27                                                                          ;              ;
;    |Decisore:Decisore|                              ; 1 (1)             ; 0 (0)        ; 0           ; 0            ; 0       ; 0         ; 0    ; 0            ; |RX|Decisore:Decisore                                                                                  ;              ;
;    |FSM_RX:FSM_RX|                                  ; 12 (12)           ; 11 (11)      ; 0           ; 0            ; 0       ; 0         ; 0    ; 0            ; |RX|FSM_RX:FSM_RX                                                                                      ;              ;
;    |lpm_counter_RX_MOD_16:CNT_RX_MOD_16_BIT|        ; 5 (0)             ; 4 (0)        ; 0           ; 0            ; 0       ; 0         ; 0    ; 0            ; |RX|lpm_counter_RX_MOD_16:CNT_RX_MOD_16_BIT                                                            ;              ;
;       |lpm_counter:LPM_COUNTER_component|           ; 5 (0)             ; 4 (0)        ; 0           ; 0            ; 0       ; 0         ; 0    ; 0            ; |RX|lpm_counter_RX_MOD_16:CNT_RX_MOD_16_BIT|lpm_counter:LPM_COUNTER_component                          ;              ;
;          |cntr_3oi:auto_generated|                  ; 5 (5)             ; 4 (4)        ; 0           ; 0            ; 0       ; 0         ; 0    ; 0            ; |RX|lpm_counter_RX_MOD_16:CNT_RX_MOD_16_BIT|lpm_counter:LPM_COUNTER_component|cntr_3oi:auto_generated  ;              ;
;    |lpm_counter_RX_MOD_16:CNT_RX_MOD_16_EDGE|       ; 5 (0)             ; 4 (0)        ; 0           ; 0            ; 0       ; 0         ; 0    ; 0            ; |RX|lpm_counter_RX_MOD_16:CNT_RX_MOD_16_EDGE                                                           ;              ;
;       |lpm_counter:LPM_COUNTER_component|           ; 5 (0)             ; 4 (0)        ; 0           ; 0            ; 0       ; 0         ; 0    ; 0            ; |RX|lpm_counter_RX_MOD_16:CNT_RX_MOD_16_EDGE|lpm_counter:LPM_COUNTER_component                         ;              ;
;          |cntr_3oi:auto_generated|                  ; 5 (5)             ; 4 (4)        ; 0           ; 0            ; 0       ; 0         ; 0    ; 0            ; |RX|lpm_counter_RX_MOD_16:CNT_RX_MOD_16_EDGE|lpm_counter:LPM_COUNTER_component|cntr_3oi:auto_generated ;              ;
;    |lpm_counter_RX_MOD_32:CNT_RX_MOD_32|            ; 7 (0)             ; 5 (0)        ; 0           ; 0            ; 0       ; 0         ; 0    ; 0            ; |RX|lpm_counter_RX_MOD_32:CNT_RX_MOD_32                                                                ;              ;
;       |lpm_counter:LPM_COUNTER_component|           ; 7 (0)             ; 5 (0)        ; 0           ; 0            ; 0       ; 0         ; 0    ; 0            ; |RX|lpm_counter_RX_MOD_32:CNT_RX_MOD_32|lpm_counter:LPM_COUNTER_component                              ;              ;
;          |cntr_4oi:auto_generated|                  ; 7 (7)             ; 5 (5)        ; 0           ; 0            ; 0       ; 0         ; 0    ; 0            ; |RX|lpm_counter_RX_MOD_32:CNT_RX_MOD_32|lpm_counter:LPM_COUNTER_component|cntr_4oi:auto_generated      ;              ;
;    |lpm_shiftreg_RX_LEFT_EDGE:LEFT_SHIFT_RX_EDGE|   ; 4 (0)             ; 8 (0)        ; 0           ; 0            ; 0       ; 0         ; 0    ; 0            ; |RX|lpm_shiftreg_RX_LEFT_EDGE:LEFT_SHIFT_RX_EDGE                                                       ;              ;
;       |lpm_shiftreg:LPM_SHIFTREG_component|         ; 4 (4)             ; 8 (8)        ; 0           ; 0            ; 0       ; 0         ; 0    ; 0            ; |RX|lpm_shiftreg_RX_LEFT_EDGE:LEFT_SHIFT_RX_EDGE|lpm_shiftreg:LPM_SHIFTREG_component                   ;              ;
;    |lpm_shiftreg_RX_RIGHT_8_BIT:RIGHT_SHIFT_RX_BIT| ; 0 (0)             ; 3 (0)        ; 0           ; 0            ; 0       ; 0         ; 0    ; 0            ; |RX|lpm_shiftreg_RX_RIGHT_8_BIT:RIGHT_SHIFT_RX_BIT                                                     ;              ;
;       |lpm_shiftreg:LPM_SHIFTREG_component|         ; 0 (0)             ; 3 (3)        ; 0           ; 0            ; 0       ; 0         ; 0    ; 0            ; |RX|lpm_shiftreg_RX_RIGHT_8_BIT:RIGHT_SHIFT_RX_BIT|lpm_shiftreg:LPM_SHIFTREG_component                 ;              ;
;    |lpm_shiftreg_RX_RIGHT_9:inst2|                  ; 0 (0)             ; 9 (0)        ; 0           ; 0            ; 0       ; 0         ; 0    ; 0            ; |RX|lpm_shiftreg_RX_RIGHT_9:inst2                                                                      ;              ;
;       |lpm_shiftreg:LPM_SHIFTREG_component|         ; 0 (0)             ; 9 (9)        ; 0           ; 0            ; 0       ; 0         ; 0    ; 0            ; |RX|lpm_shiftreg_RX_RIGHT_9:inst2|lpm_shiftreg:LPM_SHIFTREG_component                                  ;              ;
+-----------------------------------------------------+-------------------+--------------+-------------+--------------+---------+-----------+------+--------------+--------------------------------------------------------------------------------------------------------+--------------+
Note: For table entries with two numbers listed, the numbers in parentheses indicate the number of resources of the given type used by the specific entity alone. The numbers listed outside of parentheses indicate the total resources of the given type used by the specific entity and all of its sub-entities in the hierarchy.


+--------------------------------------------------------------------------------------------------------------------------------------------------------------------------------------------------+
; Analysis & Synthesis IP Cores Summary                                                                                                                                                            ;
+--------+--------------+---------+--------------+--------------+----------------------------------------------------+-----------------------------------------------------------------------------+
; Vendor ; IP Core Name ; Version ; Release Date ; License Type ; Entity Instance                                    ; IP Include File                                                             ;
+--------+--------------+---------+--------------+--------------+----------------------------------------------------+-----------------------------------------------------------------------------+
; Altera ; LPM_COUNTER  ; 11.1    ; N/A          ; N/A          ; |RX|lpm_counter_RX_MOD_16:CNT_RX_MOD_16_BIT        ; D:/PoliTo/SDI/Lab2/PROGETTO_UART/quartus/RX/lpm_counter_RX_MOD_16.vhd       ;
; Altera ; LPM_COUNTER  ; 11.1    ; N/A          ; N/A          ; |RX|lpm_counter_RX_MOD_16:CNT_RX_MOD_16_EDGE       ; D:/PoliTo/SDI/Lab2/PROGETTO_UART/quartus/RX/lpm_counter_RX_MOD_16.vhd       ;
; Altera ; LPM_COUNTER  ; 11.1    ; N/A          ; N/A          ; |RX|lpm_counter_RX_MOD_32:CNT_RX_MOD_32            ; D:/PoliTo/SDI/Lab2/PROGETTO_UART/quartus/RX/lpm_counter_RX_MOD_32.vhd       ;
; Altera ; LPM_SHIFTREG ; 11.1    ; N/A          ; N/A          ; |RX|lpm_shiftreg_RX_LEFT_EDGE:LEFT_SHIFT_RX_EDGE   ; D:/PoliTo/SDI/Lab2/PROGETTO_UART/quartus/RX/lpm_shiftreg_RX_LEFT_EDGE.vhd   ;
; Altera ; LPM_SHIFTREG ; 11.1    ; N/A          ; N/A          ; |RX|lpm_shiftreg_RX_RIGHT_8_BIT:RIGHT_SHIFT_RX_BIT ; D:/PoliTo/SDI/Lab2/PROGETTO_UART/quartus/RX/lpm_shiftreg_RX_RIGHT_8_BIT.vhd ;
; Altera ; LPM_SHIFTREG ; 11.1    ; N/A          ; N/A          ; |RX|lpm_shiftreg_RX_RIGHT_9:inst2                  ; D:/PoliTo/SDI/Lab2/PROGETTO_UART/quartus/RX/lpm_shiftreg_RX_RIGHT_9.vhd     ;
+--------+--------------+---------+--------------+--------------+----------------------------------------------------+-----------------------------------------------------------------------------+


Encoding Type:  One-Hot
+----------------------------------------------------------------------------------------------------------------------------------------------------------------------------------------------------------------------------------------------------------------------------------------------------------------------------------------------------------------------------+
; State Machine - |RX|FSM_RX:FSM_RX|present_state                                                                                                                                                                                                                                                                                                                            ;
+------------------------------------+-------------------------+----------------------------+-----------------------------------+--------------------------------+-------------------------------+-------------------------+------------------------+------------------------------------+------------------------------+------------------------------+---------------------+
; Name                               ; present_state.Wait_read ; present_state.Uscita_letta ; present_state.Ricezione_terminata ; present_state.Accumulo_Output2 ; present_state.Accumulo_output ; present_state.Decisore2 ; present_state.Decisore ; present_state.Clk_divider_decisore ; present_state.Edge_detection ; present_state.Clk_divider_ED ; present_state.Reset ;
+------------------------------------+-------------------------+----------------------------+-----------------------------------+--------------------------------+-------------------------------+-------------------------+------------------------+------------------------------------+------------------------------+------------------------------+---------------------+
; present_state.Reset                ; 0                       ; 0                          ; 0                                 ; 0                              ; 0                             ; 0                       ; 0                      ; 0                                  ; 0                            ; 0                            ; 0                   ;
; present_state.Clk_divider_ED       ; 0                       ; 0                          ; 0                                 ; 0                              ; 0                             ; 0                       ; 0                      ; 0                                  ; 0                            ; 1                            ; 1                   ;
; present_state.Edge_detection       ; 0                       ; 0                          ; 0                                 ; 0                              ; 0                             ; 0                       ; 0                      ; 0                                  ; 1                            ; 0                            ; 1                   ;
; present_state.Clk_divider_decisore ; 0                       ; 0                          ; 0                                 ; 0                              ; 0                             ; 0                       ; 0                      ; 1                                  ; 0                            ; 0                            ; 1                   ;
; present_state.Decisore             ; 0                       ; 0                          ; 0                                 ; 0                              ; 0                             ; 0                       ; 1                      ; 0                                  ; 0                            ; 0                            ; 1                   ;
; present_state.Decisore2            ; 0                       ; 0                          ; 0                                 ; 0                              ; 0                             ; 1                       ; 0                      ; 0                                  ; 0                            ; 0                            ; 1                   ;
; present_state.Accumulo_output      ; 0                       ; 0                          ; 0                                 ; 0                              ; 1                             ; 0                       ; 0                      ; 0                                  ; 0                            ; 0                            ; 1                   ;
; present_state.Accumulo_Output2     ; 0                       ; 0                          ; 0                                 ; 1                              ; 0                             ; 0                       ; 0                      ; 0                                  ; 0                            ; 0                            ; 1                   ;
; present_state.Ricezione_terminata  ; 0                       ; 0                          ; 1                                 ; 0                              ; 0                             ; 0                       ; 0                      ; 0                                  ; 0                            ; 0                            ; 1                   ;
; present_state.Uscita_letta         ; 0                       ; 1                          ; 0                                 ; 0                              ; 0                             ; 0                       ; 0                      ; 0                                  ; 0                            ; 0                            ; 1                   ;
; present_state.Wait_read            ; 1                       ; 0                          ; 0                                 ; 0                              ; 0                             ; 0                       ; 0                      ; 0                                  ; 0                            ; 0                            ; 1                   ;
+------------------------------------+-------------------------+----------------------------+-----------------------------------+--------------------------------+-------------------------------+-------------------------+------------------------+------------------------------------+------------------------------+------------------------------+---------------------+


+------------------------------------------------------+
; General Register Statistics                          ;
+----------------------------------------------+-------+
; Statistic                                    ; Value ;
+----------------------------------------------+-------+
; Total registers                              ; 44    ;
; Number of registers using Synchronous Clear  ; 1     ;
; Number of registers using Synchronous Load   ; 13    ;
; Number of registers using Asynchronous Clear ; 11    ;
; Number of registers using Asynchronous Load  ; 0     ;
; Number of registers using Clock Enable       ; 33    ;
; Number of registers using Preset             ; 0     ;
+----------------------------------------------+-------+


+--------------------------------------------------------------------------------------------------------------------+
; Parameter Settings for User Entity Instance: lpm_counter_RX_MOD_32:CNT_RX_MOD_32|lpm_counter:LPM_COUNTER_component ;
+------------------------+-------------+-----------------------------------------------------------------------------+
; Parameter Name         ; Value       ; Type                                                                        ;
+------------------------+-------------+-----------------------------------------------------------------------------+
; AUTO_CARRY_CHAINS      ; ON          ; AUTO_CARRY                                                                  ;
; IGNORE_CARRY_BUFFERS   ; OFF         ; IGNORE_CARRY                                                                ;
; AUTO_CASCADE_CHAINS    ; ON          ; AUTO_CASCADE                                                                ;
; IGNORE_CASCADE_BUFFERS ; OFF         ; IGNORE_CASCADE                                                              ;
; LPM_WIDTH              ; 5           ; Signed Integer                                                              ;
; LPM_DIRECTION          ; UP          ; Untyped                                                                     ;
; LPM_MODULUS            ; 0           ; Untyped                                                                     ;
; LPM_AVALUE             ; UNUSED      ; Untyped                                                                     ;
; LPM_SVALUE             ; UNUSED      ; Untyped                                                                     ;
; LPM_PORT_UPDOWN        ; PORT_UNUSED ; Untyped                                                                     ;
; DEVICE_FAMILY          ; Cyclone II  ; Untyped                                                                     ;
; CARRY_CHAIN            ; MANUAL      ; Untyped                                                                     ;
; CARRY_CHAIN_LENGTH     ; 48          ; CARRY_CHAIN_LENGTH                                                          ;
; NOT_GATE_PUSH_BACK     ; ON          ; NOT_GATE_PUSH_BACK                                                          ;
; CARRY_CNT_EN           ; SMART       ; Untyped                                                                     ;
; LABWIDE_SCLR           ; ON          ; Untyped                                                                     ;
; USE_NEW_VERSION        ; TRUE        ; Untyped                                                                     ;
; CBXI_PARAMETER         ; cntr_4oi    ; Untyped                                                                     ;
+------------------------+-------------+-----------------------------------------------------------------------------+
Note: In order to hide this table in the UI and the text report file, please set the "Show Parameter Settings in Synthesis Report" option in "Analysis and Synthesis Settings -> More Settings" to "Off".


+-------------------------------------------------------------------------------------------------------------------------+
; Parameter Settings for User Entity Instance: lpm_counter_RX_MOD_16:CNT_RX_MOD_16_EDGE|lpm_counter:LPM_COUNTER_component ;
+------------------------+-------------+----------------------------------------------------------------------------------+
; Parameter Name         ; Value       ; Type                                                                             ;
+------------------------+-------------+----------------------------------------------------------------------------------+
; AUTO_CARRY_CHAINS      ; ON          ; AUTO_CARRY                                                                       ;
; IGNORE_CARRY_BUFFERS   ; OFF         ; IGNORE_CARRY                                                                     ;
; AUTO_CASCADE_CHAINS    ; ON          ; AUTO_CASCADE                                                                     ;
; IGNORE_CASCADE_BUFFERS ; OFF         ; IGNORE_CASCADE                                                                   ;
; LPM_WIDTH              ; 4           ; Signed Integer                                                                   ;
; LPM_DIRECTION          ; UP          ; Untyped                                                                          ;
; LPM_MODULUS            ; 0           ; Untyped                                                                          ;
; LPM_AVALUE             ; UNUSED      ; Untyped                                                                          ;
; LPM_SVALUE             ; UNUSED      ; Untyped                                                                          ;
; LPM_PORT_UPDOWN        ; PORT_UNUSED ; Untyped                                                                          ;
; DEVICE_FAMILY          ; Cyclone II  ; Untyped                                                                          ;
; CARRY_CHAIN            ; MANUAL      ; Untyped                                                                          ;
; CARRY_CHAIN_LENGTH     ; 48          ; CARRY_CHAIN_LENGTH                                                               ;
; NOT_GATE_PUSH_BACK     ; ON          ; NOT_GATE_PUSH_BACK                                                               ;
; CARRY_CNT_EN           ; SMART       ; Untyped                                                                          ;
; LABWIDE_SCLR           ; ON          ; Untyped                                                                          ;
; USE_NEW_VERSION        ; TRUE        ; Untyped                                                                          ;
; CBXI_PARAMETER         ; cntr_3oi    ; Untyped                                                                          ;
+------------------------+-------------+----------------------------------------------------------------------------------+
Note: In order to hide this table in the UI and the text report file, please set the "Show Parameter Settings in Synthesis Report" option in "Analysis and Synthesis Settings -> More Settings" to "Off".


+------------------------------------------------------------------------------------------------------------------------+
; Parameter Settings for User Entity Instance: lpm_counter_RX_MOD_16:CNT_RX_MOD_16_BIT|lpm_counter:LPM_COUNTER_component ;
+------------------------+-------------+---------------------------------------------------------------------------------+
; Parameter Name         ; Value       ; Type                                                                            ;
+------------------------+-------------+---------------------------------------------------------------------------------+
; AUTO_CARRY_CHAINS      ; ON          ; AUTO_CARRY                                                                      ;
; IGNORE_CARRY_BUFFERS   ; OFF         ; IGNORE_CARRY                                                                    ;
; AUTO_CASCADE_CHAINS    ; ON          ; AUTO_CASCADE                                                                    ;
; IGNORE_CASCADE_BUFFERS ; OFF         ; IGNORE_CASCADE                                                                  ;
; LPM_WIDTH              ; 4           ; Signed Integer                                                                  ;
; LPM_DIRECTION          ; UP          ; Untyped                                                                         ;
; LPM_MODULUS            ; 0           ; Untyped                                                                         ;
; LPM_AVALUE             ; UNUSED      ; Untyped                                                                         ;
; LPM_SVALUE             ; UNUSED      ; Untyped                                                                         ;
; LPM_PORT_UPDOWN        ; PORT_UNUSED ; Untyped                                                                         ;
; DEVICE_FAMILY          ; Cyclone II  ; Untyped                                                                         ;
; CARRY_CHAIN            ; MANUAL      ; Untyped                                                                         ;
; CARRY_CHAIN_LENGTH     ; 48          ; CARRY_CHAIN_LENGTH                                                              ;
; NOT_GATE_PUSH_BACK     ; ON          ; NOT_GATE_PUSH_BACK                                                              ;
; CARRY_CNT_EN           ; SMART       ; Untyped                                                                         ;
; LABWIDE_SCLR           ; ON          ; Untyped                                                                         ;
; USE_NEW_VERSION        ; TRUE        ; Untyped                                                                         ;
; CBXI_PARAMETER         ; cntr_3oi    ; Untyped                                                                         ;
+------------------------+-------------+---------------------------------------------------------------------------------+
Note: In order to hide this table in the UI and the text report file, please set the "Show Parameter Settings in Synthesis Report" option in "Analysis and Synthesis Settings -> More Settings" to "Off".


+-------------------------------------------------------------------------------------------------------------------------------+
; Parameter Settings for User Entity Instance: lpm_shiftreg_RX_LEFT_EDGE:LEFT_SHIFT_RX_EDGE|lpm_shiftreg:LPM_SHIFTREG_component ;
+------------------------+------------+-----------------------------------------------------------------------------------------+
; Parameter Name         ; Value      ; Type                                                                                    ;
+------------------------+------------+-----------------------------------------------------------------------------------------+
; LPM_WIDTH              ; 8          ; Signed Integer                                                                          ;
; LPM_DIRECTION          ; LEFT       ; Untyped                                                                                 ;
; LPM_AVALUE             ; UNUSED     ; Untyped                                                                                 ;
; LPM_SVALUE             ; UNUSED     ; Untyped                                                                                 ;
; DEVICE_FAMILY          ; Cyclone II ; Untyped                                                                                 ;
; AUTO_CARRY_CHAINS      ; ON         ; AUTO_CARRY                                                                              ;
; IGNORE_CARRY_BUFFERS   ; OFF        ; IGNORE_CARRY                                                                            ;
; AUTO_CASCADE_CHAINS    ; ON         ; AUTO_CASCADE                                                                            ;
; IGNORE_CASCADE_BUFFERS ; OFF        ; IGNORE_CASCADE                                                                          ;
+------------------------+------------+-----------------------------------------------------------------------------------------+
Note: In order to hide this table in the UI and the text report file, please set the "Show Parameter Settings in Synthesis Report" option in "Analysis and Synthesis Settings -> More Settings" to "Off".


+----------------------------------------------------------------------------------------------------------------+
; Parameter Settings for User Entity Instance: lpm_shiftreg_RX_RIGHT_9:inst2|lpm_shiftreg:LPM_SHIFTREG_component ;
+------------------------+------------+--------------------------------------------------------------------------+
; Parameter Name         ; Value      ; Type                                                                     ;
+------------------------+------------+--------------------------------------------------------------------------+
; LPM_WIDTH              ; 9          ; Signed Integer                                                           ;
; LPM_DIRECTION          ; RIGHT      ; Untyped                                                                  ;
; LPM_AVALUE             ; UNUSED     ; Untyped                                                                  ;
; LPM_SVALUE             ; UNUSED     ; Untyped                                                                  ;
; DEVICE_FAMILY          ; Cyclone II ; Untyped                                                                  ;
; AUTO_CARRY_CHAINS      ; ON         ; AUTO_CARRY                                                               ;
; IGNORE_CARRY_BUFFERS   ; OFF        ; IGNORE_CARRY                                                             ;
; AUTO_CASCADE_CHAINS    ; ON         ; AUTO_CASCADE                                                             ;
; IGNORE_CASCADE_BUFFERS ; OFF        ; IGNORE_CASCADE                                                           ;
+------------------------+------------+--------------------------------------------------------------------------+
Note: In order to hide this table in the UI and the text report file, please set the "Show Parameter Settings in Synthesis Report" option in "Analysis and Synthesis Settings -> More Settings" to "Off".


+---------------------------------------------------------------------------------------------------------------------------------+
; Parameter Settings for User Entity Instance: lpm_shiftreg_RX_RIGHT_8_BIT:RIGHT_SHIFT_RX_BIT|lpm_shiftreg:LPM_SHIFTREG_component ;
+------------------------+------------+-------------------------------------------------------------------------------------------+
; Parameter Name         ; Value      ; Type                                                                                      ;
+------------------------+------------+-------------------------------------------------------------------------------------------+
; LPM_WIDTH              ; 8          ; Signed Integer                                                                            ;
; LPM_DIRECTION          ; RIGHT      ; Untyped                                                                                   ;
; LPM_AVALUE             ; UNUSED     ; Untyped                                                                                   ;
; LPM_SVALUE             ; UNUSED     ; Untyped                                                                                   ;
; DEVICE_FAMILY          ; Cyclone II ; Untyped                                                                                   ;
; AUTO_CARRY_CHAINS      ; ON         ; AUTO_CARRY                                                                                ;
; IGNORE_CARRY_BUFFERS   ; OFF        ; IGNORE_CARRY                                                                              ;
; AUTO_CASCADE_CHAINS    ; ON         ; AUTO_CASCADE                                                                              ;
; IGNORE_CASCADE_BUFFERS ; OFF        ; IGNORE_CASCADE                                                                            ;
+------------------------+------------+-------------------------------------------------------------------------------------------+
Note: In order to hide this table in the UI and the text report file, please set the "Show Parameter Settings in Synthesis Report" option in "Analysis and Synthesis Settings -> More Settings" to "Off".


+-----------------------------------------------------------------------------------------------------------------+
; lpm_shiftreg Parameter Settings by Entity Instance                                                              ;
+----------------------------+------------------------------------------------------------------------------------+
; Name                       ; Value                                                                              ;
+----------------------------+------------------------------------------------------------------------------------+
; Number of entity instances ; 3                                                                                  ;
; Entity Instance            ; lpm_shiftreg_RX_LEFT_EDGE:LEFT_SHIFT_RX_EDGE|lpm_shiftreg:LPM_SHIFTREG_component   ;
;     -- LPM_WIDTH           ; 8                                                                                  ;
;     -- LPM_DIRECTION       ; LEFT                                                                               ;
; Entity Instance            ; lpm_shiftreg_RX_RIGHT_9:inst2|lpm_shiftreg:LPM_SHIFTREG_component                  ;
;     -- LPM_WIDTH           ; 9                                                                                  ;
;     -- LPM_DIRECTION       ; RIGHT                                                                              ;
; Entity Instance            ; lpm_shiftreg_RX_RIGHT_8_BIT:RIGHT_SHIFT_RX_BIT|lpm_shiftreg:LPM_SHIFTREG_component ;
;     -- LPM_WIDTH           ; 8                                                                                  ;
;     -- LPM_DIRECTION       ; RIGHT                                                                              ;
+----------------------------+------------------------------------------------------------------------------------+


+-------------------------------+
; Elapsed Time Per Partition    ;
+----------------+--------------+
; Partition Name ; Elapsed Time ;
+----------------+--------------+
; Top            ; 00:00:01     ;
+----------------+--------------+


+-------------------------------+
; Analysis & Synthesis Messages ;
+-------------------------------+
Info: *******************************************************************
Info: Running Quartus II 32-bit Analysis & Synthesis
    Info: Version 11.1 Build 259 01/25/2012 Service Pack 2 SJ Web Edition
    Info: Processing started: Sun Dec 09 18:39:55 2018
Info: Command: quartus_map --read_settings_files=on --write_settings_files=off RX -c RX
Warning (20028): Parallel compilation is not licensed and has been disabled
Info (12021): Found 1 design units, including 1 entities, in source file rx.bdf
    Info (12023): Found entity 1: RX
Info (12021): Found 2 design units, including 1 entities, in source file fsm_rx.vhd
    Info (12022): Found design unit 1: FSM_RX-Behavioural
    Info (12023): Found entity 1: FSM_RX
Info (12021): Found 2 design units, including 1 entities, in source file lpm_counter_rx_mod_32.vhd
    Info (12022): Found design unit 1: lpm_counter_rx_mod_32-SYN
    Info (12023): Found entity 1: lpm_counter_RX_MOD_32
Info (12021): Found 2 design units, including 1 entities, in source file lpm_counter_rx_mod_16.vhd
    Info (12022): Found design unit 1: lpm_counter_rx_mod_16-SYN
    Info (12023): Found entity 1: lpm_counter_RX_MOD_16
Info (12021): Found 2 design units, including 1 entities, in source file lpm_shiftreg_rx_left_edge.vhd
    Info (12022): Found design unit 1: lpm_shiftreg_rx_left_edge-SYN
    Info (12023): Found entity 1: lpm_shiftreg_RX_LEFT_EDGE
Info (12021): Found 2 design units, including 1 entities, in source file lpm_shiftreg_rx_right_8_bit.vhd
    Info (12022): Found design unit 1: lpm_shiftreg_rx_right_8_bit-SYN
    Info (12023): Found entity 1: lpm_shiftreg_RX_RIGHT_8_BIT
Info (12021): Found 2 design units, including 1 entities, in source file and_num_bit.vhd
    Info (12022): Found design unit 1: AND_NUM_BIT-behavioural
    Info (12023): Found entity 1: AND_NUM_BIT
Info (12021): Found 2 design units, including 1 entities, in source file lpm_shiftreg_rx_right_9.vhd
    Info (12022): Found design unit 1: lpm_shiftreg_rx_right_9-SYN
    Info (12023): Found entity 1: lpm_shiftreg_RX_RIGHT_9
Info (12127): Elaborating entity "RX" for the top level hierarchy
Info (12128): Elaborating entity "FSM_RX" for hierarchy "FSM_RX:FSM_RX"
Warning (12125): Using design file and_clk_div.vhd, which is not specified as a design file for the current project, but contains definitions for 2 design units and 1 entities in project
    Info (12022): Found design unit 1: AND_clk_div-behavioural
    Info (12023): Found entity 1: AND_clk_div
Info (12128): Elaborating entity "AND_clk_div" for hierarchy "AND_clk_div:TC_CNT_MOD_27"
Info (12128): Elaborating entity "lpm_counter_RX_MOD_32" for hierarchy "lpm_counter_RX_MOD_32:CNT_RX_MOD_32"
Info (12128): Elaborating entity "lpm_counter" for hierarchy "lpm_counter_RX_MOD_32:CNT_RX_MOD_32|lpm_counter:LPM_COUNTER_component"
Info (12130): Elaborated megafunction instantiation "lpm_counter_RX_MOD_32:CNT_RX_MOD_32|lpm_counter:LPM_COUNTER_component"
Info (12133): Instantiated megafunction "lpm_counter_RX_MOD_32:CNT_RX_MOD_32|lpm_counter:LPM_COUNTER_component" with the following parameter:
    Info (12134): Parameter "lpm_direction" = "UP"
    Info (12134): Parameter "lpm_port_updown" = "PORT_UNUSED"
    Info (12134): Parameter "lpm_type" = "LPM_COUNTER"
    Info (12134): Parameter "lpm_width" = "5"
Info (12021): Found 1 design units, including 1 entities, in source file db/cntr_4oi.tdf
    Info (12023): Found entity 1: cntr_4oi
Info (12128): Elaborating entity "cntr_4oi" for hierarchy "lpm_counter_RX_MOD_32:CNT_RX_MOD_32|lpm_counter:LPM_COUNTER_component|cntr_4oi:auto_generated"
Warning (12125): Using design file and_decisore.vhd, which is not specified as a design file for the current project, but contains definitions for 2 design units and 1 entities in project
    Info (12022): Found design unit 1: AND_Decisore-behavioural
    Info (12023): Found entity 1: AND_Decisore
Info (12128): Elaborating entity "AND_Decisore" for hierarchy "AND_Decisore:TC_CNT_MOD_8_EDGE"
Info (12128): Elaborating entity "lpm_counter_RX_MOD_16" for hierarchy "lpm_counter_RX_MOD_16:CNT_RX_MOD_16_EDGE"
Info (12128): Elaborating entity "lpm_counter" for hierarchy "lpm_counter_RX_MOD_16:CNT_RX_MOD_16_EDGE|lpm_counter:LPM_COUNTER_component"
Info (12130): Elaborated megafunction instantiation "lpm_counter_RX_MOD_16:CNT_RX_MOD_16_EDGE|lpm_counter:LPM_COUNTER_component"
Info (12133): Instantiated megafunction "lpm_counter_RX_MOD_16:CNT_RX_MOD_16_EDGE|lpm_counter:LPM_COUNTER_component" with the following parameter:
    Info (12134): Parameter "lpm_direction" = "UP"
    Info (12134): Parameter "lpm_port_updown" = "PORT_UNUSED"
    Info (12134): Parameter "lpm_type" = "LPM_COUNTER"
    Info (12134): Parameter "lpm_width" = "4"
Info (12021): Found 1 design units, including 1 entities, in source file db/cntr_3oi.tdf
    Info (12023): Found entity 1: cntr_3oi
Info (12128): Elaborating entity "cntr_3oi" for hierarchy "lpm_counter_RX_MOD_16:CNT_RX_MOD_16_EDGE|lpm_counter:LPM_COUNTER_component|cntr_3oi:auto_generated"
Info (12128): Elaborating entity "AND_NUM_BIT" for hierarchy "AND_NUM_BIT:TC_CNT_9_BIT"
Warning (12125): Using design file and_edge_detector.vhd, which is not specified as a design file for the current project, but contains definitions for 2 design units and 1 entities in project
    Info (12022): Found design unit 1: AND_Edge_Detector-behavioural
    Info (12023): Found entity 1: AND_Edge_Detector
Info (12128): Elaborating entity "AND_Edge_Detector" for hierarchy "AND_Edge_Detector:AND_Edge_Detector"
Info (12128): Elaborating entity "lpm_shiftreg_RX_LEFT_EDGE" for hierarchy "lpm_shiftreg_RX_LEFT_EDGE:LEFT_SHIFT_RX_EDGE"
Info (12128): Elaborating entity "lpm_shiftreg" for hierarchy "lpm_shiftreg_RX_LEFT_EDGE:LEFT_SHIFT_RX_EDGE|lpm_shiftreg:LPM_SHIFTREG_component"
Info (12130): Elaborated megafunction instantiation "lpm_shiftreg_RX_LEFT_EDGE:LEFT_SHIFT_RX_EDGE|lpm_shiftreg:LPM_SHIFTREG_component"
Info (12133): Instantiated megafunction "lpm_shiftreg_RX_LEFT_EDGE:LEFT_SHIFT_RX_EDGE|lpm_shiftreg:LPM_SHIFTREG_component" with the following parameter:
    Info (12134): Parameter "lpm_direction" = "LEFT"
    Info (12134): Parameter "lpm_type" = "LPM_SHIFTREG"
    Info (12134): Parameter "lpm_width" = "8"
Info (12128): Elaborating entity "lpm_shiftreg_RX_RIGHT_9" for hierarchy "lpm_shiftreg_RX_RIGHT_9:inst2"
Info (12128): Elaborating entity "lpm_shiftreg" for hierarchy "lpm_shiftreg_RX_RIGHT_9:inst2|lpm_shiftreg:LPM_SHIFTREG_component"
Info (12130): Elaborated megafunction instantiation "lpm_shiftreg_RX_RIGHT_9:inst2|lpm_shiftreg:LPM_SHIFTREG_component"
Info (12133): Instantiated megafunction "lpm_shiftreg_RX_RIGHT_9:inst2|lpm_shiftreg:LPM_SHIFTREG_component" with the following parameter:
    Info (12134): Parameter "lpm_direction" = "RIGHT"
    Info (12134): Parameter "lpm_type" = "LPM_SHIFTREG"
    Info (12134): Parameter "lpm_width" = "9"
Warning (12125): Using design file decisore.vhd, which is not specified as a design file for the current project, but contains definitions for 2 design units and 1 entities in project
    Info (12022): Found design unit 1: Decisore-behavioural
    Info (12023): Found entity 1: Decisore
Info (12128): Elaborating entity "Decisore" for hierarchy "Decisore:Decisore"
Info (12128): Elaborating entity "lpm_shiftreg_RX_RIGHT_8_BIT" for hierarchy "lpm_shiftreg_RX_RIGHT_8_BIT:RIGHT_SHIFT_RX_BIT"
Info (12128): Elaborating entity "lpm_shiftreg" for hierarchy "lpm_shiftreg_RX_RIGHT_8_BIT:RIGHT_SHIFT_RX_BIT|lpm_shiftreg:LPM_SHIFTREG_component"
Info (12130): Elaborated megafunction instantiation "lpm_shiftreg_RX_RIGHT_8_BIT:RIGHT_SHIFT_RX_BIT|lpm_shiftreg:LPM_SHIFTREG_component"
Info (12133): Instantiated megafunction "lpm_shiftreg_RX_RIGHT_8_BIT:RIGHT_SHIFT_RX_BIT|lpm_shiftreg:LPM_SHIFTREG_component" with the following parameter:
    Info (12134): Parameter "lpm_direction" = "RIGHT"
    Info (12134): Parameter "lpm_type" = "LPM_SHIFTREG"
    Info (12134): Parameter "lpm_width" = "8"
Info (16010): Generating hard_block partition "hard_block:auto_generated_inst"
Info (21057): Implemented 74 device resources after synthesis - the final resource count might be different
    Info (21058): Implemented 4 input pins
    Info (21059): Implemented 9 output pins
    Info (21061): Implemented 61 logic cells
Info: Quartus II 32-bit Analysis & Synthesis was successful. 0 errors, 5 warnings
    Info: Peak virtual memory: 366 megabytes
    Info: Processing ended: Sun Dec 09 18:39:58 2018
    Info: Elapsed time: 00:00:03
    Info: Total CPU time (on all processors): 00:00:02


